{"/Users/giuseppedb/Desktop/NJIT Last Semester/IS219/unit testing/cash.js":{"path":"/Users/giuseppedb/Desktop/NJIT Last Semester/IS219/unit testing/cash.js","s":{"1":1,"2":1,"3":1,"4":1,"5":3,"6":3,"7":3,"8":3,"9":36,"10":36,"11":12,"12":12,"13":14,"14":14,"15":3,"16":1},"b":{"1":[12,24]},"f":{"1":3},"fnMap":{"1":{"name":"(anonymous_1)","line":4,"loc":{"start":{"line":4,"column":14},"end":{"line":4,"column":48}}}},"statementMap":{"1":{"start":{"line":1,"column":0},"end":{"line":1,"column":11}},"2":{"start":{"line":2,"column":0},"end":{"line":2,"column":11}},"3":{"start":{"line":3,"column":0},"end":{"line":3,"column":64}},"4":{"start":{"line":4,"column":0},"end":{"line":23,"column":2}},"5":{"start":{"line":6,"column":4},"end":{"line":6,"column":20}},"6":{"start":{"line":7,"column":4},"end":{"line":7,"column":32}},"7":{"start":{"line":8,"column":4},"end":{"line":8,"column":44}},"8":{"start":{"line":10,"column":4},"end":{"line":21,"column":5}},"9":{"start":{"line":11,"column":8},"end":{"line":11,"column":30}},"10":{"start":{"line":13,"column":8},"end":{"line":20,"column":9}},"11":{"start":{"line":14,"column":12},"end":{"line":14,"column":51}},"12":{"start":{"line":16,"column":12},"end":{"line":19,"column":13}},"13":{"start":{"line":17,"column":16},"end":{"line":17,"column":34}},"14":{"start":{"line":18,"column":16},"end":{"line":18,"column":45}},"15":{"start":{"line":22,"column":4},"end":{"line":22,"column":18}},"16":{"start":{"line":24,"column":0},"end":{"line":24,"column":19}}},"branchMap":{"1":{"line":13,"type":"if","locations":[{"start":{"line":13,"column":8},"end":{"line":13,"column":8}},{"start":{"line":13,"column":8},"end":{"line":13,"column":8}}]}}}}